<?xml version="1.0" encoding="UTF-8"?>
<!-- Generated by org.testng.reporters.JUnitXMLReporter -->
<testsuite ignored="0" hostname="JEET" failures="0" tests="10" name="Testing on edge" time="287.742" errors="0" timestamp="2024-06-23T21:55:38 IST">
  <testcase classname="testNGAmazon.Test1" name="steps" time="12.849"/>
  <testcase classname="testNGAmazon.Test2" name="steps" time="8.868"/>
  <testcase classname="testNGAmazon.Test3" name="steps" time="12.373"/>
  <testcase classname="testNGAmazon.Test4" name="steps" time="11.684"/>
  <testcase classname="testNGAmazon.Test5" name="steps" time="32.673"/>
  <testcase classname="testNGAmazon.Test6" name="steps" time="16.353"/>
  <testcase classname="testNGAmazon.Test7" name="steps" time="7.406"/>
  <testcase classname="testNGAmazon.Test8" name="steps" time="23.937"/>
  <testcase classname="testNGAmazon.Test9" name="steps" time="21.568"/>
  <testcase classname="testNGAmazon.Test10" name="steps" time="3.936"/>
</testsuite> <!-- Testing on edge -->
