<?xml version="1.0" encoding="UTF-8"?>
<!-- Generated by org.testng.reporters.JUnitXMLReporter -->
<testsuite ignored="3" hostname="JEET" failures="0" tests="2" name="Test" time="0.104" errors="0" timestamp="2024-06-20T21:26:47 IST">
  <testcase classname="groups.Group" name="testCase3" time="0.026"/>
  <testcase classname="groups.Group" name="testCase5" time="0.001"/>
  <testcase classname="groups.Group" name="testCase1" time="0.0">
    <ignored/>
  </testcase> <!-- testCase1 -->
  <testcase classname="groups.Group" name="testCase2" time="0.0">
    <ignored/>
  </testcase> <!-- testCase2 -->
  <testcase classname="groups.Group" name="testCase4" time="0.0">
    <ignored/>
  </testcase> <!-- testCase4 -->
</testsuite> <!-- Test -->
