<?xml version="1.0" encoding="UTF-8"?>
<testng-results ignored="0" total="1" passed="1" failed="0" skipped="0">
  <reporter-output>
  </reporter-output>
  <suite started-at="2024-07-30T23:34:13 IST" name="Default suite" finished-at="2024-07-30T23:34:21 IST" duration-ms="8759">
    <groups>
    </groups>
    <test started-at="2024-07-30T23:34:13 IST" name="Default test" finished-at="2024-07-30T23:34:21 IST" duration-ms="8759">
      <class name="wait.SelectingBrowser">
        <test-method signature="testCase1()[pri:0, instance:wait.SelectingBrowser@2accdbb5]" started-at="2024-07-30T23:34:13 IST" name="testCase1" finished-at="2024-07-30T23:34:21 IST" duration-ms="8732" status="PASS">
          <reporter-output>
          </reporter-output>
        </test-method> <!-- testCase1 -->
      </class> <!-- wait.SelectingBrowser -->
    </test> <!-- Default test -->
  </suite> <!-- Default suite -->
</testng-results>
